2026-06-28 00:35:14 | INFO | App | Starting BotCore...
2026-06-28 00:35:18 | INFO | App | TGReceiver will be started alongside BotCore.
2026-06-28 00:40:02 | INFO | App | Ctrl+C detected. Shutting down...
2026-06-28 02:14:12 | INFO | App | Starting BotCore...
2026-06-28 02:14:18 | INFO | App | TGReceiver will be started alongside BotCore.
2026-06-28 02:23:22 | INFO | App | Ctrl+C detected. Shutting down...
2026-06-28 02:24:17 | INFO | App | Starting BotCore...
2026-06-28 02:24:22 | INFO | App | TGReceiver will be started alongside BotCore.
2026-06-28 02:26:40 | INFO | App | Ctrl+C detected. Shutting down...
2026-06-28 02:29:19 | INFO | App | Starting BotCore...
2026-06-28 02:29:24 | INFO | App | TGReceiver will be started alongside BotCore.
2026-06-28 02:49:03 | INFO | App | Ctrl+C detected. Shutting down...
2026-06-28 02:49:28 | INFO | App | Starting BotCore...
2026-06-28 02:49:33 | INFO | App | TGReceiver will be started alongside BotCore.
2026-06-28 02:49:34 | ERROR | App | Fatal error: [DASHUSDT] LONG ОШИБКА КОНФИГУРАЦИИ: Количество уровней grid (6) не совпадает с количеством уровней tp_map (5). Проверьте настройки!
Traceback (most recent call last):
  File "c:\Users\User\Desktop\HP_EliteBook_735\PROGECTS\MY\hron\cron3\main.py", line 54, in main
    asyncio.run(run_app(bot, logger))
    ~~~~~~~~~~~^^^^^^^^^^^^^^^^^^^^^^
  File "C:\Python314\Lib\asyncio\runners.py", line 204, in run
    return runner.run(main)
           ~~~~~~~~~~^^^^^^
  File "C:\Python314\Lib\asyncio\runners.py", line 127, in run
    return self._loop.run_until_complete(task)
           ~~~~~~~~~~~~~~~~~~~~~~~~~~~~~^^^^^^
  File "C:\Python314\Lib\asyncio\base_events.py", line 719, in run_until_complete
    return future.result()
           ~~~~~~~~~~~~~^^
  File "c:\Users\User\Desktop\HP_EliteBook_735\PROGECTS\MY\hron\cron3\main.py", line 30, in run_app
    await asyncio.gather(*tasks)
  File "c:\Users\User\Desktop\HP_EliteBook_735\PROGECTS\MY\hron\cron3\CORE\bot.py", line 479, in start
    await self._game_loop()
  File "c:\Users\User\Desktop\HP_EliteBook_735\PROGECTS\MY\hron\cron3\CORE\bot.py", line 375, in _game_loop
    self.runtime_manager.load_initial_caches(self.symbols)
    ~~~~~~~~~~~~~~~~~~~~~~~~~~~~~~~~~~~~~~~~^^^^^^^^^^^^^^
  File "c:\Users\User\Desktop\HP_EliteBook_735\PROGECTS\MY\hron\cron3\RUNTIME_FSM\runtime_manager.py", line 43, in load_initial_caches
    raise ValueError(f"[{sym}] {side} ОШИБКА КОНФИГУРАЦИИ: Количество уровней grid ({len(grid)}) не совпадает с количеством уровней tp_map ({len(tp_map)}). Проверьте настройки!")
ValueError: [DASHUSDT] LONG ОШИБКА КОНФИГУРАЦИИ: Количество уровней grid (6) не совпадает с количеством уровней tp_map (5). Проверьте настройки!
2026-06-28 02:50:53 | INFO | App | Starting BotCore...
2026-06-28 02:50:57 | INFO | App | TGReceiver will be started alongside BotCore.
2026-06-28 02:54:41 | INFO | App | Starting BotCore...
2026-06-28 02:54:45 | INFO | App | TGReceiver will be started alongside BotCore.
2026-06-28 02:54:45 | ERROR | App | FATAL CONFIG ERROR: [_base.json] SHORT ОШИБКА КОНФИГУРАЦИИ БАЗОВОГО ШАБЛОНА: Количество уровней grid (6) не совпадает с количеством уровней tp_map (5). Проверьте файл _base.json!
2026-06-28 02:56:37 | INFO | App | Starting BotCore...
2026-06-28 02:56:41 | INFO | App | TGReceiver will be started alongside BotCore.
2026-06-28 02:56:42 | ERROR | App | FATAL CONFIG ERROR: [_base.json] SHORT ОШИБКА КОНФИГУРАЦИИ БАЗОВОГО ШАБЛОНА: Количество уровней grid (6) не совпадает с количеством уровней tp_map (5). Проверьте файл _base.json!
2026-06-28 02:57:42 | INFO | App | Starting BotCore...
2026-06-28 02:57:47 | INFO | App | TGReceiver will be started alongside BotCore.
2026-06-28 03:02:33 | INFO | App | Ctrl+C detected. Shutting down...
2026-06-28 03:02:40 | INFO | App | Starting BotCore...
2026-06-28 03:02:45 | INFO | App | TGReceiver will be started alongside BotCore.
2026-06-28 03:02:45 | ERROR | App | FATAL CONFIG ERROR: [_base.json] LONG ОШИБКА КОНФИГУРАЦИИ БАЗОВОГО ШАБЛОНА: Количество уровней grid (6) не совпадает с количеством уровней tp_map (5). Проверьте файл _base.json!
2026-06-28 03:03:04 | INFO | App | Starting BotCore...
2026-06-28 03:03:08 | INFO | App | TGReceiver will be started alongside BotCore.
2026-06-28 03:06:27 | INFO | App | Ctrl+C detected. Shutting down...
2026-06-28 03:07:19 | INFO | App | Starting BotCore...
2026-06-28 03:07:24 | INFO | App | TGReceiver will be started alongside BotCore.
2026-06-28 03:13:38 | INFO | App | Ctrl+C detected. Shutting down...
2026-06-28 03:15:06 | INFO | App | Starting BotCore...
2026-06-28 03:15:10 | INFO | App | TGReceiver will be started alongside BotCore.
2026-06-28 12:56:12 | INFO | App | Ctrl+C detected. Shutting down...
2026-06-28 12:56:19 | INFO | App | Starting BotCore...
2026-06-28 12:56:23 | INFO | App | TGReceiver will be started alongside BotCore.
2026-06-28 13:01:06 | INFO | App | Ctrl+C detected. Shutting down...
2026-06-28 13:01:16 | INFO | App | Starting BotCore...
2026-06-28 13:01:20 | INFO | App | TGReceiver will be started alongside BotCore.
2026-06-28 14:02:52 | INFO | App | Ctrl+C detected. Shutting down...
2026-06-28 14:03:00 | INFO | App | Starting BotCore...
2026-06-28 14:03:05 | INFO | App | TGReceiver will be started alongside BotCore.
2026-06-28 14:18:00 | INFO | App | Ctrl+C detected. Shutting down...
2026-06-28 14:18:06 | INFO | App | Starting BotCore...
2026-06-28 14:18:10 | INFO | App | TGReceiver will be started alongside BotCore.
2026-06-28 14:23:18 | INFO | App | Ctrl+C detected. Shutting down...
2026-06-28 14:23:22 | INFO | App | Starting BotCore...
2026-06-28 14:23:26 | INFO | App | TGReceiver will be started alongside BotCore.
2026-06-28 14:33:25 | INFO | App | Ctrl+C detected. Shutting down...
2026-06-28 14:33:29 | INFO | App | Starting BotCore...
2026-06-28 14:33:34 | INFO | App | TGReceiver will be started alongside BotCore.
2026-06-28 14:38:06 | INFO | App | Ctrl+C detected. Shutting down...
2026-06-28 14:38:10 | INFO | App | Starting BotCore...
2026-06-28 14:38:14 | INFO | App | TGReceiver will be started alongside BotCore.
2026-06-28 14:40:59 | INFO | App | Ctrl+C detected. Shutting down...
2026-06-28 14:41:02 | INFO | App | Starting BotCore...
2026-06-28 14:41:06 | INFO | App | TGReceiver will be started alongside BotCore.
2026-06-28 14:43:34 | INFO | App | Ctrl+C detected. Shutting down...
2026-06-28 14:43:37 | INFO | App | Starting BotCore...
2026-06-28 14:43:42 | INFO | App | TGReceiver will be started alongside BotCore.
2026-06-28 14:54:08 | INFO | App | Ctrl+C detected. Shutting down...
2026-06-28 14:54:18 | INFO | App | Starting BotCore...
2026-06-28 14:54:23 | INFO | App | TGReceiver will be started alongside BotCore.
2026-06-28 15:13:51 | INFO | App | Ctrl+C detected. Shutting down...
2026-06-28 15:13:59 | INFO | App | Starting BotCore...
2026-06-28 15:14:04 | INFO | App | TGReceiver will be started alongside BotCore.
2026-06-28 15:16:40 | INFO | App | Ctrl+C detected. Shutting down...
2026-06-28 15:16:43 | INFO | App | Starting BotCore...
2026-06-28 15:16:47 | INFO | App | TGReceiver will be started alongside BotCore.
2026-06-28 15:19:19 | INFO | App | Ctrl+C detected. Shutting down...
2026-06-28 15:19:23 | INFO | App | Starting BotCore...
2026-06-28 15:19:27 | INFO | App | TGReceiver will be started alongside BotCore.
2026-06-28 15:28:21 | INFO | App | Ctrl+C detected. Shutting down...
2026-06-28 15:48:03 | INFO | App | Starting BotCore...
2026-06-28 15:48:11 | INFO | App | TGReceiver will be started alongside BotCore.
2026-06-28 15:48:29 | INFO | App | Ctrl+C detected. Shutting down...
