2026-06-23 05:53:06 | INFO | AvgManager | [WIFUSDT] SHORT Averaging triggered for level 1 at price 0.1653 (current: 0.1653)
2026-06-23 05:53:06 | INFO | AvgManager | [WIFUSDT] SHORT Canceling all limit orders before averaging...
2026-06-23 05:53:06 | INFO | AvgManager | [WIFUSDT] Opening SHORT averaging market order. Level: 1, Volume: 121.0
2026-06-23 05:53:06 | INFO | AvgManager | [WIFUSDT] SHORT Averaging order SUCCESS for level 1. Waiting for FSM sync...
2026-06-23 05:53:11 | WARNING | AvgManager | [WIFUSDT] SHORT WS did not update avg_entry_price in time! Forcing REST fallback...
2026-06-23 05:53:12 | INFO | AvgManager | [WIFUSDT] SHORT REST fallback applied! New avg_entry_price: 0.1647487021014
2026-06-23 06:02:41 | INFO | AvgManager | [WIFUSDT] LONG Averaging triggered for level 1 at price 0.1644 (current: 0.1644)
2026-06-23 06:02:41 | INFO | AvgManager | [WIFUSDT] LONG Canceling all limit orders before averaging...
2026-06-23 06:02:42 | INFO | AvgManager | [WIFUSDT] Opening LONG averaging market order. Level: 1, Volume: 121.7
2026-06-23 06:02:42 | INFO | AvgManager | [WIFUSDT] LONG Averaging order SUCCESS for level 1. Waiting for FSM sync...
2026-06-23 06:02:47 | WARNING | AvgManager | [WIFUSDT] LONG WS did not update avg_entry_price in time! Forcing REST fallback...
2026-06-23 06:02:47 | INFO | AvgManager | [WIFUSDT] LONG REST fallback applied! New avg_entry_price: 0.1648983511954
2026-06-23 06:08:38 | INFO | AvgManager | [STABLEUSDT] SHORT Averaging triggered for level 1 at price 0.03651 (current: 0.03652)
2026-06-23 06:08:38 | INFO | AvgManager | [STABLEUSDT] SHORT Canceling all limit orders before averaging...
2026-06-23 06:08:39 | INFO | AvgManager | [STABLEUSDT] Opening SHORT averaging market order. Level: 1, Volume: 548.0
2026-06-23 06:08:39 | INFO | AvgManager | [STABLEUSDT] SHORT Averaging order SUCCESS for level 1. Waiting for FSM sync...
2026-06-23 06:08:44 | WARNING | AvgManager | [STABLEUSDT] SHORT WS did not update avg_entry_price in time! Forcing REST fallback...
2026-06-23 06:08:44 | INFO | AvgManager | [STABLEUSDT] SHORT REST fallback applied! New avg_entry_price: 0.0363947133758
2026-06-23 06:46:35 | INFO | AvgManager | [STABLEUSDT] LONG Averaging triggered for level 1 at price 0.03629 (current: 0.03629)
2026-06-23 06:46:35 | INFO | AvgManager | [STABLEUSDT] LONG Canceling all limit orders before averaging...
2026-06-23 06:46:36 | INFO | AvgManager | [STABLEUSDT] Opening LONG averaging market order. Level: 1, Volume: 551.0
2026-06-23 06:46:36 | INFO | AvgManager | [STABLEUSDT] LONG Averaging order SUCCESS for level 1. Waiting for FSM sync...
2026-06-23 06:46:41 | WARNING | AvgManager | [STABLEUSDT] LONG WS did not update avg_entry_price in time! Forcing REST fallback...
2026-06-23 06:46:41 | INFO | AvgManager | [STABLEUSDT] LONG REST fallback applied! New avg_entry_price: 0.0364097270246
2026-06-23 06:50:54 | INFO | AvgManager | [WIFUSDT] SHORT Averaging triggered for level 1 at price 0.1652 (current: 0.1652)
2026-06-23 06:50:54 | INFO | AvgManager | [WIFUSDT] SHORT Canceling all limit orders before averaging...
2026-06-23 06:50:54 | INFO | AvgManager | [WIFUSDT] Opening SHORT averaging market order. Level: 1, Volume: 121.1
2026-06-23 06:50:54 | INFO | AvgManager | [WIFUSDT] SHORT Averaging order SUCCESS for level 1. Waiting for FSM sync...
2026-06-23 06:50:59 | WARNING | AvgManager | [WIFUSDT] SHORT WS did not update avg_entry_price in time! Forcing REST fallback...
2026-06-23 06:50:59 | INFO | AvgManager | [WIFUSDT] SHORT REST fallback applied! New avg_entry_price: 0.1646488879736
2026-06-23 07:36:16 | INFO | AvgManager | [STABLEUSDT] LONG Averaging triggered for level 2 at price 0.03607 (current: 0.03607)
2026-06-23 07:36:16 | INFO | AvgManager | [STABLEUSDT] LONG Canceling all limit orders before averaging...
2026-06-23 07:36:16 | INFO | AvgManager | [STABLEUSDT] Opening LONG averaging market order. Level: 2, Volume: 554.0
2026-06-23 07:36:16 | INFO | AvgManager | [STABLEUSDT] LONG Averaging order SUCCESS for level 2. Waiting for FSM sync...
2026-06-23 07:36:21 | WARNING | AvgManager | [STABLEUSDT] LONG WS did not update avg_entry_price in time! Forcing REST fallback...
2026-06-23 07:36:21 | INFO | AvgManager | [STABLEUSDT] LONG REST fallback applied! New avg_entry_price: 0.0363025710829
2026-06-23 08:10:03 | INFO | AvgManager | [STABLEUSDT] SHORT Averaging triggered for level 1 at price 0.03535 (current: 0.03535)
2026-06-23 08:10:03 | INFO | AvgManager | [STABLEUSDT] SHORT Canceling all limit orders before averaging...
2026-06-23 08:10:03 | INFO | AvgManager | [STABLEUSDT] Opening SHORT averaging market order. Level: 1, Volume: 566.0
2026-06-23 08:10:03 | INFO | AvgManager | [STABLEUSDT] SHORT Averaging order SUCCESS for level 1. Waiting for FSM sync...
2026-06-23 08:10:08 | WARNING | AvgManager | [STABLEUSDT] SHORT WS did not update avg_entry_price in time! Forcing REST fallback...
2026-06-23 08:10:09 | INFO | AvgManager | [STABLEUSDT] SHORT REST fallback applied! New avg_entry_price: 0.0352347488987
2026-06-23 08:15:19 | INFO | AvgManager | [WIFUSDT] LONG Averaging triggered for level 2 at price 0.1634 (current: 0.1633)
2026-06-23 08:15:19 | INFO | AvgManager | [WIFUSDT] LONG Canceling all limit orders before averaging...
2026-06-23 08:15:19 | INFO | AvgManager | [WIFUSDT] Opening LONG averaging market order. Level: 2, Volume: 122.5
2026-06-23 08:15:19 | INFO | AvgManager | [WIFUSDT] LONG Averaging order SUCCESS for level 2. Waiting for FSM sync...
2026-06-23 08:15:24 | WARNING | AvgManager | [WIFUSDT] LONG WS did not update avg_entry_price in time! Forcing REST fallback...
2026-06-23 08:15:25 | INFO | AvgManager | [WIFUSDT] LONG REST fallback applied! New avg_entry_price: 0.1644291700904
2026-06-23 09:31:08 | INFO | AvgManager | [STABLEUSDT] SHORT Averaging triggered for level 1 at price 0.03506 (current: 0.03507)
2026-06-23 09:31:08 | INFO | AvgManager | [STABLEUSDT] SHORT Canceling all limit orders before averaging...
2026-06-23 09:31:09 | INFO | AvgManager | [STABLEUSDT] Opening SHORT averaging market order. Level: 1, Volume: 570.0
2026-06-23 09:31:09 | INFO | AvgManager | [STABLEUSDT] SHORT Averaging order SUCCESS for level 1. Waiting for FSM sync...
2026-06-23 09:31:14 | WARNING | AvgManager | [STABLEUSDT] SHORT WS did not update avg_entry_price in time! Forcing REST fallback...
2026-06-23 09:31:14 | INFO | AvgManager | [STABLEUSDT] SHORT REST fallback applied! New avg_entry_price: 0.0349446678322
2026-06-23 09:47:17 | INFO | AvgManager | [WIFUSDT] SHORT Averaging triggered for level 1 at price 0.16 (current: 0.16)
2026-06-23 09:47:17 | INFO | AvgManager | [WIFUSDT] SHORT Canceling all limit orders before averaging...
2026-06-23 09:47:17 | INFO | AvgManager | [WIFUSDT] Opening SHORT averaging market order. Level: 1, Volume: 125.0
2026-06-23 09:47:18 | INFO | AvgManager | [WIFUSDT] SHORT Averaging order SUCCESS for level 1. Waiting for FSM sync...
2026-06-23 09:47:22 | WARNING | AvgManager | [WIFUSDT] SHORT WS did not update avg_entry_price in time! Forcing REST fallback...
2026-06-23 09:47:23 | INFO | AvgManager | [WIFUSDT] SHORT REST fallback applied! New avg_entry_price: 0.1594984051037
2026-06-23 11:15:15 | INFO | AvgManager | [WIFUSDT] LONG Averaging triggered for level 3 at price 0.1571 (current: 0.1571)
2026-06-23 11:15:15 | INFO | AvgManager | [WIFUSDT] LONG Canceling all limit orders before averaging...
2026-06-23 11:15:16 | INFO | AvgManager | [WIFUSDT] Opening LONG averaging market order. Level: 3, Volume: 127.3
2026-06-23 11:15:16 | INFO | AvgManager | [WIFUSDT] LONG Averaging order SUCCESS for level 3. Waiting for FSM sync...
2026-06-23 11:15:21 | WARNING | AvgManager | [WIFUSDT] LONG WS did not update avg_entry_price in time! Forcing REST fallback...
2026-06-23 11:15:21 | INFO | AvgManager | [WIFUSDT] LONG REST fallback applied! New avg_entry_price: 0.1624568034119
2026-06-23 11:20:33 | INFO | AvgManager | [WIFUSDT] SHORT Averaging triggered for level 1 at price 0.1554 (current: 0.1554)
2026-06-23 11:20:33 | INFO | AvgManager | [WIFUSDT] SHORT Canceling all limit orders before averaging...
2026-06-23 11:20:34 | INFO | AvgManager | [WIFUSDT] Opening SHORT averaging market order. Level: 1, Volume: 128.7
2026-06-23 11:20:34 | INFO | AvgManager | [WIFUSDT] SHORT Averaging order SUCCESS for level 1. Waiting for FSM sync...
2026-06-23 11:20:39 | WARNING | AvgManager | [WIFUSDT] SHORT WS did not update avg_entry_price in time! Forcing REST fallback...
2026-06-23 11:20:39 | INFO | AvgManager | [WIFUSDT] SHORT REST fallback applied! New avg_entry_price: 0.1549988372093
2026-06-23 11:25:31 | INFO | AvgManager | [WIFUSDT] SHORT Averaging triggered for level 1 at price 0.1556 (current: 0.1556)
2026-06-23 11:25:31 | INFO | AvgManager | [WIFUSDT] SHORT Canceling all limit orders before averaging...
2026-06-23 11:25:31 | INFO | AvgManager | [WIFUSDT] Opening SHORT averaging market order. Level: 1, Volume: 128.5
2026-06-23 11:25:31 | INFO | AvgManager | [WIFUSDT] SHORT Averaging order SUCCESS for level 1. Waiting for FSM sync...
2026-06-23 11:25:36 | WARNING | AvgManager | [WIFUSDT] SHORT WS did not update avg_entry_price in time! Forcing REST fallback...
2026-06-23 11:25:36 | INFO | AvgManager | [WIFUSDT] SHORT REST fallback applied! New avg_entry_price: 0.1550989134653
2026-06-23 11:29:22 | INFO | AvgManager | [STABLEUSDT] LONG Averaging triggered for level 3 at price 0.03468 (current: 0.03466)
2026-06-23 11:29:22 | INFO | AvgManager | [STABLEUSDT] LONG Canceling all limit orders before averaging...
2026-06-23 11:29:23 | INFO | AvgManager | [STABLEUSDT] Opening LONG averaging market order. Level: 3, Volume: 577.0
2026-06-23 11:29:23 | INFO | AvgManager | [STABLEUSDT] LONG Averaging order SUCCESS for level 3. Waiting for FSM sync...
2026-06-23 11:29:28 | WARNING | AvgManager | [STABLEUSDT] LONG WS did not update avg_entry_price in time! Forcing REST fallback...
2026-06-23 11:29:28 | INFO | AvgManager | [STABLEUSDT] LONG REST fallback applied! New avg_entry_price: 0.0358801524664
2026-06-23 11:30:40 | INFO | AvgManager | [WIFUSDT] SHORT Averaging triggered for level 1 at price 0.1552 (current: 0.1552)
2026-06-23 11:30:40 | INFO | AvgManager | [WIFUSDT] SHORT Canceling all limit orders before averaging...
2026-06-23 11:30:41 | INFO | AvgManager | [WIFUSDT] Opening SHORT averaging market order. Level: 1, Volume: 128.9
2026-06-23 11:30:41 | INFO | AvgManager | [WIFUSDT] SHORT Averaging order SUCCESS for level 1. Waiting for FSM sync...
2026-06-23 11:30:46 | WARNING | AvgManager | [WIFUSDT] SHORT WS did not update avg_entry_price in time! Forcing REST fallback...
2026-06-23 11:30:46 | INFO | AvgManager | [WIFUSDT] SHORT REST fallback applied! New avg_entry_price: 0.1546990712074
2026-06-23 11:34:53 | INFO | AvgManager | [STABLEUSDT] SHORT Averaging triggered for level 1 at price 0.03477 (current: 0.03479)
2026-06-23 11:34:53 | INFO | AvgManager | [STABLEUSDT] SHORT Canceling all limit orders before averaging...
2026-06-23 11:34:53 | INFO | AvgManager | [STABLEUSDT] Opening SHORT averaging market order. Level: 1, Volume: 575.0
2026-06-23 11:34:53 | INFO | AvgManager | [STABLEUSDT] SHORT Averaging order SUCCESS for level 1. Waiting for FSM sync...
2026-06-23 11:34:58 | WARNING | AvgManager | [STABLEUSDT] SHORT WS did not update avg_entry_price in time! Forcing REST fallback...
2026-06-23 11:34:59 | INFO | AvgManager | [STABLEUSDT] SHORT REST fallback applied! New avg_entry_price: 0.0346747007806
2026-06-23 11:41:03 | INFO | AvgManager | [WIFUSDT] SHORT Averaging triggered for level 2 at price 0.1562 (current: 0.1562)
2026-06-23 11:41:03 | INFO | AvgManager | [WIFUSDT] SHORT Canceling all limit orders before averaging...
2026-06-23 11:41:03 | INFO | AvgManager | [WIFUSDT] Opening SHORT averaging market order. Level: 2, Volume: 128.0
2026-06-23 11:41:03 | INFO | AvgManager | [WIFUSDT] SHORT Averaging order SUCCESS for level 2. Waiting for FSM sync...
2026-06-23 11:41:08 | WARNING | AvgManager | [WIFUSDT] SHORT WS did not update avg_entry_price in time! Forcing REST fallback...
2026-06-23 11:41:08 | INFO | AvgManager | [WIFUSDT] SHORT REST fallback applied! New avg_entry_price: 0.1551300207039
2026-06-23 14:06:40 | INFO | AvgManager | [WIFUSDT] SHORT Averaging triggered for level 1 at price 0.1553 (current: 0.1553)
2026-06-23 14:06:40 | INFO | AvgManager | [WIFUSDT] SHORT Canceling all limit orders before averaging...
2026-06-23 14:06:40 | INFO | AvgManager | [WIFUSDT] Opening SHORT averaging market order. Level: 1, Volume: 128.8
2026-06-23 14:06:40 | INFO | AvgManager | [WIFUSDT] SHORT Averaging order SUCCESS for level 1. Waiting for FSM sync...
2026-06-23 14:06:45 | WARNING | AvgManager | [WIFUSDT] SHORT WS did not update avg_entry_price in time! Forcing REST fallback...
2026-06-23 14:06:46 | INFO | AvgManager | [WIFUSDT] SHORT REST fallback applied! New avg_entry_price: 0.1547987616099
2026-06-23 14:20:59 | INFO | AvgManager | [WIFUSDT] SHORT Averaging triggered for level 2 at price 0.1563 (current: 0.1563)
2026-06-23 14:20:59 | INFO | AvgManager | [WIFUSDT] SHORT Canceling all limit orders before averaging...
2026-06-23 14:21:00 | INFO | AvgManager | [WIFUSDT] Opening SHORT averaging market order. Level: 2, Volume: 128.0
2026-06-23 14:21:00 | INFO | AvgManager | [WIFUSDT] SHORT Averaging order SUCCESS for level 2. Waiting for FSM sync...
2026-06-23 14:21:05 | WARNING | AvgManager | [WIFUSDT] SHORT WS did not update avg_entry_price in time! Forcing REST fallback...
2026-06-23 14:21:05 | INFO | AvgManager | [WIFUSDT] SHORT REST fallback applied! New avg_entry_price: 0.1552298136646
2026-06-23 15:12:15 | INFO | AvgManager | [STABLEUSDT] SHORT Averaging triggered for level 1 at price 0.03447 (current: 0.03449)
2026-06-23 15:12:15 | INFO | AvgManager | [STABLEUSDT] SHORT Canceling all limit orders before averaging...
2026-06-23 15:12:16 | INFO | AvgManager | [STABLEUSDT] Opening SHORT averaging market order. Level: 1, Volume: 580.0
2026-06-23 15:12:16 | INFO | AvgManager | [STABLEUSDT] SHORT Averaging order SUCCESS for level 1. Waiting for FSM sync...
2026-06-23 15:12:21 | WARNING | AvgManager | [STABLEUSDT] SHORT WS did not update avg_entry_price in time! Forcing REST fallback...
2026-06-23 15:12:21 | INFO | AvgManager | [STABLEUSDT] SHORT REST fallback applied! New avg_entry_price: 0.0343546735395
2026-06-23 15:34:01 | INFO | AvgManager | [STABLEUSDT] SHORT Averaging triggered for level 2 at price 0.03467 (current: 0.03468)
2026-06-23 15:34:01 | INFO | AvgManager | [STABLEUSDT] SHORT Canceling all limit orders before averaging...
2026-06-23 15:34:01 | INFO | AvgManager | [STABLEUSDT] Opening SHORT averaging market order. Level: 2, Volume: 577.0
2026-06-23 15:34:02 | INFO | AvgManager | [STABLEUSDT] SHORT Averaging order SUCCESS for level 2. Waiting for FSM sync...
2026-06-23 15:34:06 | WARNING | AvgManager | [STABLEUSDT] SHORT WS did not update avg_entry_price in time! Forcing REST fallback...
2026-06-23 15:34:07 | INFO | AvgManager | [STABLEUSDT] SHORT REST fallback applied! New avg_entry_price: 0.034459178633
2026-06-23 18:58:13 | INFO | AvgManager | [WIFUSDT] SHORT Averaging triggered for level 1 at price 0.1554 (current: 0.1554)
2026-06-23 18:58:13 | INFO | AvgManager | [WIFUSDT] SHORT Canceling all limit orders before averaging...
2026-06-23 18:58:14 | INFO | AvgManager | [WIFUSDT] Opening SHORT averaging market order. Level: 1, Volume: 128.7
2026-06-23 18:58:14 | INFO | AvgManager | [WIFUSDT] SHORT Averaging order SUCCESS for level 1. Waiting for FSM sync...
2026-06-23 18:58:19 | WARNING | AvgManager | [WIFUSDT] SHORT WS did not update avg_entry_price in time! Forcing REST fallback...
2026-06-23 18:58:19 | INFO | AvgManager | [WIFUSDT] SHORT REST fallback applied! New avg_entry_price: 0.1548989151492
2026-06-23 19:06:35 | INFO | AvgManager | [WIFUSDT] SHORT Averaging triggered for level 1 at price 0.1555 (current: 0.1557)
2026-06-23 19:06:35 | INFO | AvgManager | [WIFUSDT] SHORT Canceling all limit orders before averaging...
2026-06-23 19:06:35 | INFO | AvgManager | [WIFUSDT] Opening SHORT averaging market order. Level: 1, Volume: 128.5
2026-06-23 19:06:36 | INFO | AvgManager | [WIFUSDT] SHORT Averaging order SUCCESS for level 1. Waiting for FSM sync...
2026-06-23 19:06:41 | WARNING | AvgManager | [WIFUSDT] SHORT WS did not update avg_entry_price in time! Forcing REST fallback...
2026-06-23 19:06:41 | INFO | AvgManager | [WIFUSDT] SHORT REST fallback applied! New avg_entry_price: 0.1550486035687
2026-06-23 23:25:31 | INFO | AvgManager | [WIFUSDT] SHORT Averaging triggered for level 2 at price 0.1565 (current: 0.1572)
2026-06-23 23:25:31 | INFO | AvgManager | [WIFUSDT] SHORT Canceling all limit orders before averaging...
2026-06-23 23:25:31 | INFO | AvgManager | [WIFUSDT] Opening SHORT averaging market order. Level: 2, Volume: 127.2
2026-06-23 23:25:32 | INFO | AvgManager | [WIFUSDT] SHORT Averaging order SUCCESS for level 2. Waiting for FSM sync...
2026-06-23 23:25:37 | WARNING | AvgManager | [WIFUSDT] SHORT WS did not update avg_entry_price in time! Forcing REST fallback...
2026-06-23 23:25:37 | INFO | AvgManager | [WIFUSDT] SHORT REST fallback applied! New avg_entry_price: 0.1557263636364
2026-06-23 23:25:38 | INFO | AvgManager | [STABLEUSDT] SHORT Averaging triggered for level 1 at price 0.03396 (current: 0.03409)
2026-06-23 23:25:38 | INFO | AvgManager | [STABLEUSDT] SHORT Canceling all limit orders before averaging...
2026-06-23 23:25:39 | INFO | AvgManager | [STABLEUSDT] Opening SHORT averaging market order. Level: 1, Volume: 587.0
2026-06-23 23:25:39 | INFO | AvgManager | [STABLEUSDT] SHORT Averaging order SUCCESS for level 1. Waiting for FSM sync...
2026-06-23 23:25:46 | WARNING | AvgManager | [STABLEUSDT] SHORT WS did not update avg_entry_price in time! Forcing REST fallback...
2026-06-23 23:25:46 | INFO | AvgManager | [STABLEUSDT] SHORT REST fallback applied! New avg_entry_price: 0.0339243002545
2026-06-23 23:30:07 | INFO | AvgManager | [STABLEUSDT] SHORT Averaging triggered for level 2 at price 0.03417 (current: 0.03419)
2026-06-23 23:30:07 | INFO | AvgManager | [STABLEUSDT] SHORT Canceling all limit orders before averaging...
2026-06-23 23:30:08 | INFO | AvgManager | [STABLEUSDT] Opening SHORT averaging market order. Level: 2, Volume: 585.0
2026-06-23 23:30:08 | INFO | AvgManager | [STABLEUSDT] SHORT Averaging order SUCCESS for level 2. Waiting for FSM sync...
2026-06-23 23:30:13 | WARNING | AvgManager | [STABLEUSDT] SHORT WS did not update avg_entry_price in time! Forcing REST fallback...
2026-06-23 23:30:13 | INFO | AvgManager | [STABLEUSDT] SHORT REST fallback applied! New avg_entry_price: 0.034012414966
