2026-06-23 03:36:45 | INFO | FSM_Monitor | Fetching initial positions via REST API...
2026-06-23 03:36:45 | DEBUG | FSM_Monitor | [MONITOR] UPDATE XRPUSDT LONG - qty: 0.0, avg_price: 0.0
2026-06-23 03:36:45 | DEBUG | FSM_Monitor | [MONITOR] UPDATE XRPUSDT SHORT - qty: 0.0, avg_price: 0.0
2026-06-23 03:37:02 | INFO | FSM_Monitor | Fetching initial positions via REST API...
2026-06-23 03:37:03 | DEBUG | FSM_Monitor | [MONITOR] UPDATE XRPUSDT LONG - qty: 0.0, avg_price: 0.0
2026-06-23 03:37:03 | DEBUG | FSM_Monitor | [MONITOR] UPDATE XRPUSDT SHORT - qty: 0.0, avg_price: 0.0
2026-06-23 03:37:14 | INFO | FSM_Monitor | Fetching initial positions via REST API...
2026-06-23 03:37:14 | DEBUG | FSM_Monitor | [MONITOR] UPDATE XRPUSDT LONG - qty: 0.0, avg_price: 0.0
2026-06-23 03:37:14 | DEBUG | FSM_Monitor | [MONITOR] UPDATE XRPUSDT SHORT - qty: 0.0, avg_price: 0.0
2026-06-23 03:37:50 | INFO | FSM_Monitor | Fetching initial positions via REST API...
2026-06-23 03:37:50 | DEBUG | FSM_Monitor | [MONITOR] UPDATE XRPUSDT LONG - qty: 0.0, avg_price: 0.0
2026-06-23 03:37:50 | DEBUG | FSM_Monitor | [MONITOR] UPDATE XRPUSDT SHORT - qty: 0.0, avg_price: 0.0
2026-06-23 03:38:18 | INFO | FSM_Monitor | Fetching initial positions via REST API...
2026-06-23 03:38:19 | DEBUG | FSM_Monitor | [MONITOR] UPDATE XRPUSDT LONG - qty: 0.0, avg_price: 0.0
2026-06-23 03:38:19 | DEBUG | FSM_Monitor | [MONITOR] UPDATE XRPUSDT SHORT - qty: 0.0, avg_price: 0.0
2026-06-23 03:40:55 | INFO | FSM_Monitor | Fetching initial positions via REST API...
2026-06-23 03:40:56 | DEBUG | FSM_Monitor | [MONITOR] UPDATE XRPUSDT LONG - qty: 0.0, avg_price: 0.0
2026-06-23 03:40:56 | DEBUG | FSM_Monitor | [MONITOR] UPDATE XRPUSDT SHORT - qty: 0.0, avg_price: 0.0
2026-06-23 04:12:59 | INFO | FSM_Monitor | Fetching initial positions via REST API...
2026-06-23 04:13:00 | DEBUG | FSM_Monitor | [MONITOR] UPDATE STABLEUSDT LONG - qty: 555.0, avg_price: 0.03602
2026-06-23 04:13:00 | DEBUG | FSM_Monitor | [MONITOR] UPDATE STABLEUSDT SHORT - qty: -1107.0, avg_price: 0.0361035230353
2026-06-23 04:13:15 | INFO | FSM_Monitor | Fetching initial positions via REST API...
2026-06-23 04:13:15 | DEBUG | FSM_Monitor | [MONITOR] UPDATE STABLEUSDT LONG - qty: 555.0, avg_price: 0.03602
2026-06-23 04:13:15 | DEBUG | FSM_Monitor | [MONITOR] UPDATE STABLEUSDT SHORT - qty: -1107.0, avg_price: 0.0361035230353
2026-06-23 04:13:30 | INFO | FSM_Monitor | Fetching initial positions via REST API...
2026-06-23 04:13:30 | DEBUG | FSM_Monitor | [MONITOR] UPDATE STABLEUSDT LONG - qty: 555.0, avg_price: 0.03602
2026-06-23 04:13:30 | DEBUG | FSM_Monitor | [MONITOR] UPDATE STABLEUSDT SHORT - qty: -1107.0, avg_price: 0.0361035230353
2026-06-23 04:13:45 | INFO | FSM_Monitor | Fetching initial positions via REST API...
2026-06-23 04:13:45 | DEBUG | FSM_Monitor | [MONITOR] POSITION CLOSED STABLEUSDT LONG
2026-06-23 04:13:45 | DEBUG | FSM_Monitor | [MONITOR] UPDATE STABLEUSDT LONG - qty: 0.0, avg_price: 0.0
2026-06-23 04:13:45 | DEBUG | FSM_Monitor | [MONITOR] UPDATE STABLEUSDT SHORT - qty: -1107.0, avg_price: 0.0361035230353
2026-06-23 04:14:00 | INFO | FSM_Monitor | Fetching initial positions via REST API...
2026-06-23 04:14:00 | DEBUG | FSM_Monitor | [MONITOR] UPDATE STABLEUSDT LONG - qty: 0.0, avg_price: 0.0
2026-06-23 04:14:00 | DEBUG | FSM_Monitor | [MONITOR] UPDATE STABLEUSDT SHORT - qty: -1107.0, avg_price: 0.0361035230353
2026-06-23 04:14:15 | INFO | FSM_Monitor | Fetching initial positions via REST API...
2026-06-23 04:14:15 | DEBUG | FSM_Monitor | [MONITOR] UPDATE STABLEUSDT LONG - qty: 0.0, avg_price: 0.0
2026-06-23 04:14:15 | DEBUG | FSM_Monitor | [MONITOR] UPDATE STABLEUSDT SHORT - qty: -1107.0, avg_price: 0.0361035230353
2026-06-23 04:14:30 | INFO | FSM_Monitor | Fetching initial positions via REST API...
2026-06-23 04:14:30 | DEBUG | FSM_Monitor | [MONITOR] UPDATE STABLEUSDT LONG - qty: 0.0, avg_price: 0.0
2026-06-23 04:14:30 | DEBUG | FSM_Monitor | [MONITOR] UPDATE STABLEUSDT SHORT - qty: -1107.0, avg_price: 0.0361035230353
2026-06-23 04:14:45 | INFO | FSM_Monitor | Fetching initial positions via REST API...
2026-06-23 04:14:45 | DEBUG | FSM_Monitor | [MONITOR] UPDATE STABLEUSDT LONG - qty: 0.0, avg_price: 0.0
2026-06-23 04:14:45 | DEBUG | FSM_Monitor | [MONITOR] UPDATE STABLEUSDT SHORT - qty: -1107.0, avg_price: 0.0361035230353
2026-06-23 04:15:06 | INFO | FSM_Monitor | Fetching initial positions via REST API...
2026-06-23 04:15:06 | DEBUG | FSM_Monitor | [MONITOR] UPDATE STABLEUSDT LONG - qty: 552.0, avg_price: 0.03621
2026-06-23 04:15:06 | DEBUG | FSM_Monitor | [MONITOR] UPDATE STABLEUSDT SHORT - qty: -1107.0, avg_price: 0.0361035230353
2026-06-23 04:15:21 | INFO | FSM_Monitor | Fetching initial positions via REST API...
2026-06-23 04:15:21 | DEBUG | FSM_Monitor | [MONITOR] UPDATE STABLEUSDT LONG - qty: 552.0, avg_price: 0.03621
2026-06-23 04:15:21 | DEBUG | FSM_Monitor | [MONITOR] UPDATE STABLEUSDT SHORT - qty: -1107.0, avg_price: 0.0361035230353
2026-06-23 04:15:36 | INFO | FSM_Monitor | Fetching initial positions via REST API...
2026-06-23 04:15:36 | DEBUG | FSM_Monitor | [MONITOR] UPDATE STABLEUSDT LONG - qty: 552.0, avg_price: 0.03621
2026-06-23 04:15:36 | DEBUG | FSM_Monitor | [MONITOR] UPDATE STABLEUSDT SHORT - qty: -1107.0, avg_price: 0.0361035230353
2026-06-23 04:15:51 | INFO | FSM_Monitor | Fetching initial positions via REST API...
2026-06-23 04:15:51 | DEBUG | FSM_Monitor | [MONITOR] UPDATE STABLEUSDT LONG - qty: 552.0, avg_price: 0.03621
2026-06-23 04:15:51 | DEBUG | FSM_Monitor | [MONITOR] UPDATE STABLEUSDT SHORT - qty: -1107.0, avg_price: 0.0361035230353
2026-06-23 04:16:06 | INFO | FSM_Monitor | Fetching initial positions via REST API...
2026-06-23 04:16:06 | DEBUG | FSM_Monitor | [MONITOR] UPDATE STABLEUSDT LONG - qty: 552.0, avg_price: 0.03621
2026-06-23 04:16:06 | DEBUG | FSM_Monitor | [MONITOR] UPDATE STABLEUSDT SHORT - qty: -1107.0, avg_price: 0.0361035230353
2026-06-23 04:16:25 | INFO | FSM_Monitor | Fetching initial positions via REST API...
2026-06-23 04:16:26 | INFO | FSM_Monitor | Fetching initial positions via REST API...
2026-06-23 04:16:26 | DEBUG | FSM_Monitor | [MONITOR] UPDATE WIFUSDT LONG - qty: 121.7, avg_price: 0.1644
2026-06-23 04:16:26 | DEBUG | FSM_Monitor | [MONITOR] UPDATE WIFUSDT SHORT - qty: -121.7, avg_price: 0.1643
2026-06-23 04:16:26 | DEBUG | FSM_Monitor | [MONITOR] UPDATE STABLEUSDT LONG - qty: 552.0, avg_price: 0.03621
2026-06-23 04:16:26 | DEBUG | FSM_Monitor | [MONITOR] UPDATE STABLEUSDT SHORT - qty: -1107.0, avg_price: 0.0361035230353
2026-06-23 04:18:29 | INFO | FSM_Monitor | Fetching initial positions via REST API...
2026-06-23 04:18:29 | INFO | FSM_Monitor | Fetching initial positions via REST API...
2026-06-23 04:18:29 | DEBUG | FSM_Monitor | [MONITOR] UPDATE WIFUSDT LONG - qty: 121.7, avg_price: 0.1644
2026-06-23 04:18:29 | DEBUG | FSM_Monitor | [MONITOR] UPDATE WIFUSDT SHORT - qty: -121.7, avg_price: 0.1643
2026-06-23 04:18:29 | DEBUG | FSM_Monitor | [MONITOR] UPDATE STABLEUSDT LONG - qty: 552.0, avg_price: 0.03621
2026-06-23 04:18:29 | DEBUG | FSM_Monitor | [MONITOR] UPDATE STABLEUSDT SHORT - qty: -1107.0, avg_price: 0.0361035230353
2026-06-23 04:18:44 | INFO | FSM_Monitor | Fetching initial positions via REST API...
2026-06-23 04:18:59 | INFO | FSM_Monitor | Fetching initial positions via REST API...
2026-06-23 04:19:14 | INFO | FSM_Monitor | Fetching initial positions via REST API...
2026-06-23 04:19:29 | INFO | FSM_Monitor | Fetching initial positions via REST API...
2026-06-23 04:19:30 | DEBUG | FSM_Monitor | [MONITOR] UPDATE STABLEUSDT LONG - qty: 552.0, avg_price: 0.03621
2026-06-23 04:19:30 | DEBUG | FSM_Monitor | [MONITOR] UPDATE STABLEUSDT SHORT - qty: -1107.0, avg_price: 0.0361035230353
2026-06-23 04:19:44 | INFO | FSM_Monitor | Fetching initial positions via REST API...
2026-06-23 04:19:59 | INFO | FSM_Monitor | Fetching initial positions via REST API...
2026-06-23 04:20:15 | INFO | FSM_Monitor | Fetching initial positions via REST API...
2026-06-23 04:20:30 | INFO | FSM_Monitor | Fetching initial positions via REST API...
2026-06-23 04:20:30 | DEBUG | FSM_Monitor | [MONITOR] UPDATE STABLEUSDT LONG - qty: 552.0, avg_price: 0.03621
2026-06-23 04:20:30 | DEBUG | FSM_Monitor | [MONITOR] UPDATE STABLEUSDT SHORT - qty: -1107.0, avg_price: 0.0361035230353
2026-06-23 04:20:45 | INFO | FSM_Monitor | Fetching initial positions via REST API...
2026-06-23 04:21:00 | INFO | FSM_Monitor | Fetching initial positions via REST API...
2026-06-23 04:21:15 | INFO | FSM_Monitor | Fetching initial positions via REST API...
2026-06-23 04:21:30 | INFO | FSM_Monitor | Fetching initial positions via REST API...
2026-06-23 04:21:30 | DEBUG | FSM_Monitor | [MONITOR] UPDATE STABLEUSDT LONG - qty: 552.0, avg_price: 0.03621
2026-06-23 04:21:30 | DEBUG | FSM_Monitor | [MONITOR] UPDATE STABLEUSDT SHORT - qty: -1107.0, avg_price: 0.0361035230353
2026-06-23 04:21:45 | INFO | FSM_Monitor | Fetching initial positions via REST API...
2026-06-23 04:22:00 | INFO | FSM_Monitor | Fetching initial positions via REST API...
2026-06-23 04:22:15 | INFO | FSM_Monitor | Fetching initial positions via REST API...
2026-06-23 04:22:35 | INFO | FSM_Monitor | Fetching initial positions via REST API...
2026-06-23 04:22:36 | DEBUG | FSM_Monitor | [MONITOR] UPDATE WIFUSDT LONG - qty: 121.7, avg_price: 0.1644
2026-06-23 04:22:36 | DEBUG | FSM_Monitor | [MONITOR] UPDATE WIFUSDT SHORT - qty: -121.7, avg_price: 0.1643
2026-06-23 04:22:36 | DEBUG | FSM_Monitor | [MONITOR] UPDATE STABLEUSDT LONG - qty: 552.0, avg_price: 0.03621
2026-06-23 04:22:36 | DEBUG | FSM_Monitor | [MONITOR] UPDATE STABLEUSDT SHORT - qty: -1107.0, avg_price: 0.0361035230353
2026-06-23 04:22:38 | INFO | FSM_Monitor | Fetching initial positions via REST API...
2026-06-23 04:22:53 | INFO | FSM_Monitor | Fetching initial positions via REST API...
2026-06-23 04:23:08 | INFO | FSM_Monitor | Fetching initial positions via REST API...
2026-06-23 04:23:23 | INFO | FSM_Monitor | Fetching initial positions via REST API...
2026-06-23 04:23:38 | INFO | FSM_Monitor | Fetching initial positions via REST API...
2026-06-23 04:23:39 | DEBUG | FSM_Monitor | [MONITOR] UPDATE STABLEUSDT LONG - qty: 552.0, avg_price: 0.03621
2026-06-23 04:23:39 | DEBUG | FSM_Monitor | [MONITOR] UPDATE STABLEUSDT SHORT - qty: -1107.0, avg_price: 0.0361035230353
2026-06-23 04:23:53 | INFO | FSM_Monitor | Fetching initial positions via REST API...
2026-06-23 04:24:09 | INFO | FSM_Monitor | Fetching initial positions via REST API...
2026-06-23 04:24:24 | INFO | FSM_Monitor | Fetching initial positions via REST API...
2026-06-23 04:24:39 | INFO | FSM_Monitor | Fetching initial positions via REST API...
2026-06-23 04:24:39 | DEBUG | FSM_Monitor | [MONITOR] UPDATE STABLEUSDT LONG - qty: 552.0, avg_price: 0.03621
2026-06-23 04:24:39 | DEBUG | FSM_Monitor | [MONITOR] UPDATE STABLEUSDT SHORT - qty: -1107.0, avg_price: 0.0361035230353
2026-06-23 04:24:54 | INFO | FSM_Monitor | Fetching initial positions via REST API...
2026-06-23 04:25:09 | INFO | FSM_Monitor | Fetching initial positions via REST API...
2026-06-23 04:25:24 | INFO | FSM_Monitor | Fetching initial positions via REST API...
2026-06-23 04:25:39 | INFO | FSM_Monitor | Fetching initial positions via REST API...
2026-06-23 04:25:39 | DEBUG | FSM_Monitor | [MONITOR] UPDATE STABLEUSDT LONG - qty: 552.0, avg_price: 0.03621
2026-06-23 04:25:39 | DEBUG | FSM_Monitor | [MONITOR] UPDATE STABLEUSDT SHORT - qty: -1107.0, avg_price: 0.0361035230353
2026-06-23 04:25:54 | INFO | FSM_Monitor | Fetching initial positions via REST API...
2026-06-23 04:26:09 | INFO | FSM_Monitor | Fetching initial positions via REST API...
2026-06-23 04:26:24 | INFO | FSM_Monitor | Fetching initial positions via REST API...
